<?xml version="1.0" encoding="UTF-8"?>
<testsuite xmlns:xsi="http://www.w3.org/2001/XMLSchema-instance" xsi:noNamespaceSchemaLocation="https://maven.apache.org/surefire/maven-surefire-plugin/xsd/surefire-test-report-3.0.xsd" version="3.0" name="com.example.algobiydaalt.controller.RouteControllerTest" time="5.307" tests="1" errors="0" skipped="0" failures="0">
  <properties>
[...]
</properties>
  <testcase name="testRouteAPI" classname="com.example.algobiydaalt.controller.RouteControllerTest" time="0.923">
    <system-out><![CDATA[10:12:03.633 [main] INFO org.springframework.test.context.support.AnnotationConfigContextLoaderUtils -- Could not detect default configuration classes for test class [com.example.algobiydaalt.controller.RouteControllerTest]: RouteControllerTest does not declare any static, non-private, non-final, nested classes annotated with @Configuration.
10:12:03.749 [main] INFO org.springframework.boot.test.context.SpringBootTestContextBootstrapper -- Found @SpringBootConfiguration com.example.algobiydaalt.AlgoBiyDaaltApplication for test class com.example.algobiydaalt.controller.RouteControllerTest
Loading shapefile... this may take a while.
 Loading shapefile: /home/narmandah/Desktop/algoBieDaaltJava/src/main/resources/roadShapeFiles/gis_osm_roads_free_1.shp
 Loaded 115867 road features.
 Built graph with 1894774 unique nodes and 1956050 edges.
Graph loaded with 1894774 nodes.

  .   ____          _            __ _ _
 /\\ / ___'_ __ _ _(_)_ __  __ _ \ \ \ \
( ( )\___ | '_ | '_| | '_ \/ _` | \ \ \ \
 \\/  ___)| |_)| | | | | || (_| |  ) ) ) )
  '  |____| .__|_| |_|_| |_\__, | / / / /
 =========|_|==============|___/=/_/_/_/

 :: Spring Boot ::                (v3.3.4)

2025-11-14T10:12:06.962+08:00  INFO 995 --- [           main] c.e.a.controller.RouteControllerTest     : Starting RouteControllerTest using Java 21.0.8 with PID 995 (started by narmandah in /home/narmandah/Desktop/algoBieDaaltJava)
2025-11-14T10:12:06.964+08:00  INFO 995 --- [           main] c.e.a.controller.RouteControllerTest     : No active profile set, falling back to 1 default profile: "default"
2025-11-14T10:12:07.805+08:00  INFO 995 --- [           main] o.s.b.t.m.w.SpringBootMockServletContext : Initializing Spring TestDispatcherServlet ''
2025-11-14T10:12:07.805+08:00  INFO 995 --- [           main] o.s.t.web.servlet.TestDispatcherServlet  : Initializing Servlet ''
2025-11-14T10:12:07.807+08:00  INFO 995 --- [           main] o.s.t.web.servlet.TestDispatcherServlet  : Completed initialization in 1 ms
2025-11-14T10:12:07.827+08:00  INFO 995 --- [           main] c.e.a.controller.RouteControllerTest     : Started RouteControllerTest in 1.165 seconds (process running for 4.947)
]]></system-out>
    <system-err><![CDATA[WARNING: A Java agent has been loaded dynamically (/home/narmandah/.m2/repository/net/bytebuddy/byte-buddy-agent/1.14.19/byte-buddy-agent-1.14.19.jar)
WARNING: If a serviceability tool is in use, please run with -XX:+EnableDynamicAgentLoading to hide this warning
WARNING: If a serviceability tool is not in use, please run with -Djdk.instrument.traceUsage for more information
WARNING: Dynamic loading of agents will be disallowed by default in a future release
]]></system-err>
  </testcase>
</testsuite>